{
  "RSpec": {
    "coverage": {
      "/mnt/c/Users/guise/greeting-cli/ttt-5-move-rb/rspec-fizzbuzz/ttt-6-position-taken-rb/ttt-7-valid-move/ttt-8-turn/ttt-9-play-loop/ttt-10-current-player/ttt-game-status/tic-tac-toe-rb/lib/tic_tac_toe.rb": [
        null,
        1,
        null,
        null,
        null,
        null,
        null,
        null,
        null,
        null,
        null,
        1,
        23,
        23,
        23,
        23,
        23,
        null,
        null,
        1,
        22,
        null,
        null,
        1,
        21,
        null,
        null,
        1,
        223,
        174,
        null,
        49,
        null,
        null,
        null,
        1,
        22,
        19,
        null,
        null,
        null,
        1,
        20,
        20,
        180,
        31,
        null,
        null,
        20,
        null,
        1,
        19,
        null,
        null,
        1,
        19,
        19,
        19,
        19,
        18,
        18,
        null,
        1,
        null,
        null,
        null,
        1,
        0,
        0,
        0,
        0,
        null,
        0,
        0,
        0,
        null,
        0,
        0,
        null,
        null,
        0,
        null,
        null,
        1,
        97,
        592,
        592,
        592,
        null,
        592,
        592,
        592,
        null,
        592,
        46,
        null,
        null,
        51,
        null,
        null,
        1,
        181,
        24,
        null,
        8,
        null,
        null,
        null,
        1,
        28,
        7,
        0,
        0,
        21,
        21,
        null,
        null,
        null,
        1,
        20,
        10,
        null,
        10,
        null,
        null,
        null,
        1,
        12,
        11,
        null,
        null,
        null,
        1,
        0,
        0,
        0,
        0,
        null,
        null,
        null,
        1,
        12,
        16,
        null,
        12,
        5,
        5,
        7,
        7,
        null,
        null
      ]
    },
    "timestamp": 1642916236
  }
}
